<?xml version="1.0" encoding="UTF-8"?>
<!-- Generated by org.testng.reporters.JUnitReportReporter -->
<testsuite skipped="0" hostname="DESKTOP-AS7RAEP" name="SurveyMonkey.HomePage" tests="1" failures="0" timestamp="11 Apr 2019 03:50:27 GMT" time="5.880" errors="0">
  <testcase name="HomePage" time="5.880" classname="SurveyMonkey.HomePage"/>
</testsuite> <!-- SurveyMonkey.HomePage -->
