<?xml version="1.0" encoding="UTF-8"?>
<!-- Generated by org.testng.reporters.JUnitReportReporter -->
<testsuite skipped="0" hostname="NavTech-PC" name="SurveyMonkey.HomePage" tests="1" failures="0" timestamp="16 Mar 2019 14:17:25 GMT" time="9.684" errors="0">
  <testcase name="HomePage" time="9.684" classname="SurveyMonkey.HomePage"/>
</testsuite> <!-- SurveyMonkey.HomePage -->
