<?xml version="1.0" encoding="UTF-8"?>
<!-- Generated by org.testng.reporters.JUnitReportReporter -->
<testsuite skipped="0" hostname="NavTech-PC" name="SurveyMonkey.ValidateTxtOnLandingPage" tests="1" failures="0" timestamp="16 Mar 2019 14:17:25 GMT" time="0.813" errors="0">
  <testcase name="ValidateTxtOnLandingPage" time="0.813" classname="SurveyMonkey.ValidateTxtOnLandingPage"/>
</testsuite> <!-- SurveyMonkey.ValidateTxtOnLandingPage -->
