<?xml version="1.0" encoding="UTF-8"?>
<!-- Generated by org.testng.reporters.JUnitReportReporter -->
<testsuite skipped="0" hostname="DESKTOP-AS7RAEP" name="SurveyMonkey.checkLandpage" tests="2" failures="0" timestamp="11 Apr 2019 03:50:27 GMT" time="0.055" errors="0">
  <testcase name="checkurl" time="0.027" classname="SurveyMonkey.checkLandpage"/>
  <testcase name="checkText" time="0.028" classname="SurveyMonkey.checkLandpage"/>
</testsuite> <!-- SurveyMonkey.checkLandpage -->
