<?xml version="1.0" encoding="UTF-8"?>
<!-- Generated by org.testng.reporters.JUnitReportReporter -->
<testsuite skipped="0" hostname="DESKTOP-AS7RAEP" name="SurveyMonkey.LoginTest" tests="2" failures="0" timestamp="11 Apr 2019 03:50:27 GMT" time="4.184" errors="0">
  <testcase name="AppLogin" time="0.837" classname="SurveyMonkey.LoginTest"/>
  <testcase name="AppLogin" time="3.347" classname="SurveyMonkey.LoginTest"/>
</testsuite> <!-- SurveyMonkey.LoginTest -->
