<?xml version="1.0" encoding="UTF-8"?>
<!-- Generated by org.testng.reporters.JUnitReportReporter -->
<testsuite skipped="0" hostname="DESKTOP-AS7RAEP" name="SurveyMonkey.VerifyUrl" tests="1" failures="0" timestamp="08 Apr 2019 16:47:32 GMT" time="0.071" errors="0">
  <testcase name="ValidateTxtOnLandingPage" time="0.071" classname="SurveyMonkey.VerifyUrl"/>
</testsuite> <!-- SurveyMonkey.VerifyUrl -->
