<?xml version="1.0" encoding="UTF-8"?>
<!-- Generated by org.testng.reporters.JUnitReportReporter -->
<testsuite skipped="0" hostname="NavTech-PC" name="SurveyMonkey.ValidateLoginLink" tests="1" failures="0" timestamp="16 Mar 2019 14:17:25 GMT" time="0.054" errors="0">
  <testcase name="ValidateLoginLink" time="0.054" classname="SurveyMonkey.ValidateLoginLink"/>
</testsuite> <!-- SurveyMonkey.ValidateLoginLink -->
