<?xml version="1.0" encoding="UTF-8"?>
<!-- Generated by org.testng.reporters.JUnitReportReporter -->
<testsuite skipped="0" hostname="DESKTOP-AS7RAEP" name="SurveyMonkey.LoginTest" tests="2" failures="0" timestamp="10 Apr 2019 02:02:25 GMT" time="7.883" errors="0">
  <testcase name="AppLogin" time="6.194" classname="SurveyMonkey.LoginTest"/>
  <testcase name="AppLogin" time="1.689" classname="SurveyMonkey.LoginTest"/>
</testsuite> <!-- SurveyMonkey.LoginTest -->
