<?xml version="1.0" encoding="UTF-8"?>
<!-- Generated by org.testng.reporters.JUnitReportReporter -->
<testsuite skipped="0" hostname="DESKTOP-AS7RAEP" name="SurveyMonkey.VerifyUrl" tests="1" failures="0" timestamp="11 Apr 2019 03:50:27 GMT" time="0.202" errors="0">
  <testcase name="ValidateTxtOnLandingPage" time="0.202" classname="SurveyMonkey.VerifyUrl"/>
</testsuite> <!-- SurveyMonkey.VerifyUrl -->
