<?xml version="1.0" encoding="UTF-8"?>
<!-- Generated by org.testng.reporters.JUnitReportReporter -->
<testsuite skipped="0" hostname="DESKTOP-AS7RAEP" name="SurveyMonkey.ValidateLoginLink" tests="1" failures="0" timestamp="08 Apr 2019 16:47:32 GMT" time="32.735" errors="0">
  <testcase name="ValidateLoginLink" time="32.735" classname="SurveyMonkey.ValidateLoginLink"/>
</testsuite> <!-- SurveyMonkey.ValidateLoginLink -->
