<?xml version="1.0" encoding="UTF-8"?>
<!-- Generated by org.testng.reporters.JUnitReportReporter -->
<testsuite hostname="NavTech-PC" name="SurveyMonkey.ValidateTxtOnLandingPage" tests="1" failures="0" timestamp="16 Dec 2018 05:24:23 GMT" time="0.049" errors="0">
  <testcase name="textOnLandingPage" time="0.049" classname="SurveyMonkey.ValidateTxtOnLandingPage"/>
</testsuite> <!-- SurveyMonkey.ValidateTxtOnLandingPage -->
